-------------------------------------------------------------------------------
Test set: org.myob.repository.PayslipRepositoryTest
-------------------------------------------------------------------------------
Tests run: 5, Failures: 0, Errors: 1, Skipped: 0, Time elapsed: 0.031 sec <<< FAILURE! - in org.myob.repository.PayslipRepositoryTest
shouldCallMockTaxRepositoryClose1Time(org.myob.repository.PayslipRepositoryTest)  Time elapsed: 0.014 sec  <<< ERROR!
java.lang.NullPointerException: null
	at org.myob.repository.impl.PayslipRepositoryImpl.close(PayslipRepositoryImpl.java:81)
	at org.myob.repository.PayslipRepositoryTest.shouldCallMockTaxRepositoryClose1Time(PayslipRepositoryTest.java:88)

